{"level":"\u001b[32minfo\u001b[39m","message":"{\"method\":\"POST\",\"url\":\"/api/v2/users/signup\",\"status\":\"-\",\"responseTime\":\"-\"}","timestamp":"2025-02-26T20:50:29.181Z"}
{"level":"\u001b[32minfo\u001b[39m","message":"{\"method\":\"POST\",\"url\":\"/api/v2/users/signup\",\"status\":\"-\",\"responseTime\":\"-\"}","timestamp":"2025-02-26T20:51:12.623Z"}
{"level":"\u001b[32minfo\u001b[39m","message":"{\"method\":\"POST\",\"url\":\"/api/v2/users/signup\",\"status\":\"-\",\"responseTime\":\"-\"}","timestamp":"2025-02-26T20:51:48.004Z"}
{"level":"\u001b[32minfo\u001b[39m","message":"{\"method\":\"POST\",\"url\":\"/api/v2/users/signup\",\"status\":\"400\",\"responseTime\":\"297.494\"}","timestamp":"2025-02-26T20:57:05.397Z"}
{"level":"\u001b[32minfo\u001b[39m","message":"{\"method\":\"POST\",\"url\":\"/api/v2/users/signup\",\"status\":\"400\",\"responseTime\":\"213.977\"}","timestamp":"2025-02-26T20:57:18.850Z"}
{"level":"\u001b[32minfo\u001b[39m","message":"{\"method\":\"POST\",\"url\":\"/api/v2/users/signup\",\"status\":\"400\",\"responseTime\":\"281.629\"}","timestamp":"2025-02-26T20:57:20.591Z"}
{"level":"\u001b[32minfo\u001b[39m","message":"{\"method\":\"POST\",\"url\":\"/api/v2/users/signup\",\"status\":\"400\",\"responseTime\":\"271.246\"}","timestamp":"2025-02-26T20:57:45.530Z"}
{"level":"\u001b[32minfo\u001b[39m","message":"{\"method\":\"POST\",\"url\":\"/api/v2/users/signup\",\"status\":\"400\",\"responseTime\":\"1123.807\"}","timestamp":"2025-02-26T20:59:10.851Z"}
{"level":"\u001b[32minfo\u001b[39m","message":"{\"method\":\"POST\",\"url\":\"/api/v2/users/signup\",\"status\":\"400\",\"responseTime\":\"84.405\"}","timestamp":"2025-02-26T21:00:18.417Z"}
{"level":"\u001b[32minfo\u001b[39m","message":"{\"method\":\"POST\",\"url\":\"/api/v2/users/signup\",\"status\":\"400\",\"responseTime\":\"928.491\"}","timestamp":"2025-02-26T21:00:37.487Z"}
{"level":"\u001b[32minfo\u001b[39m","message":"{\"method\":\"POST\",\"url\":\"/api/v2/users/signup\",\"status\":\"400\",\"responseTime\":\"134.775\"}","timestamp":"2025-02-27T10:25:28.243Z"}
{"level":"\u001b[32minfo\u001b[39m","message":"{\"method\":\"POST\",\"url\":\"/api/v2/users/signup\",\"status\":\"400\",\"responseTime\":\"17.951\"}","timestamp":"2025-02-27T10:26:18.794Z"}
{"level":"\u001b[32minfo\u001b[39m","message":"{\"method\":\"POST\",\"url\":\"/api/v2/users/signup\",\"status\":\"400\",\"responseTime\":\"20.584\"}","timestamp":"2025-02-27T10:26:43.528Z"}
{"level":"\u001b[32minfo\u001b[39m","message":"{\"method\":\"POST\",\"url\":\"/api/v2/users/signup\",\"status\":\"400\",\"responseTime\":\"17.373\"}","timestamp":"2025-02-27T10:26:57.329Z"}
{"level":"\u001b[32minfo\u001b[39m","message":"{\"method\":\"POST\",\"url\":\"/api/v2/users/signup\",\"status\":\"-\",\"responseTime\":\"-\"}","timestamp":"2025-02-27T10:28:12.056Z"}
{"level":"\u001b[32minfo\u001b[39m","message":"{\"method\":\"POST\",\"url\":\"/api/v2/users/signup\",\"status\":\"-\",\"responseTime\":\"-\"}","timestamp":"2025-02-27T17:15:16.107Z"}
{"level":"\u001b[32minfo\u001b[39m","message":"{\"method\":\"POST\",\"url\":\"/api/v1/healthcheck\",\"status\":\"404\",\"responseTime\":\"1.351\"}","timestamp":"2025-02-27T17:15:29.762Z"}
{"level":"\u001b[32minfo\u001b[39m","message":"{\"method\":\"POST\",\"url\":\"/api/v1/healthcheck/\",\"status\":\"404\",\"responseTime\":\"0.622\"}","timestamp":"2025-02-27T17:16:09.893Z"}
{"level":"\u001b[32minfo\u001b[39m","message":"{\"method\":\"GET\",\"url\":\"/api/v1/healthcheck/\",\"status\":\"200\",\"responseTime\":\"1.437\"}","timestamp":"2025-02-27T17:16:14.961Z"}
{"level":"\u001b[32minfo\u001b[39m","message":"{\"method\":\"GET\",\"url\":\"/api/v2/users/signup\",\"status\":\"404\",\"responseTime\":\"17.343\"}","timestamp":"2025-02-27T17:16:41.214Z"}
{"level":"\u001b[32minfo\u001b[39m","message":"{\"method\":\"POST\",\"url\":\"/api/v2/users/signup\",\"status\":\"-\",\"responseTime\":\"-\"}","timestamp":"2025-02-27T17:22:07.778Z"}
{"level":"\u001b[32minfo\u001b[39m","message":"{\"method\":\"POST\",\"url\":\"/api/v2/users/signup\",\"status\":\"-\",\"responseTime\":\"-\"}","timestamp":"2025-02-27T17:23:36.188Z"}
{"level":"\u001b[32minfo\u001b[39m","message":"{\"method\":\"POST\",\"url\":\"/api/v2/users/signup\",\"status\":\"-\",\"responseTime\":\"-\"}","timestamp":"2025-02-27T17:24:00.765Z"}
{"level":"\u001b[32minfo\u001b[39m","message":"{\"method\":\"POST\",\"url\":\"/api/v2/users/signup\",\"status\":\"-\",\"responseTime\":\"-\"}","timestamp":"2025-02-27T17:24:29.716Z"}
{"level":"\u001b[32minfo\u001b[39m","message":"{\"method\":\"POST\",\"url\":\"/api/v2/users/signup\",\"status\":\"400\",\"responseTime\":\"56.663\"}","timestamp":"2025-02-27T17:28:29.540Z"}
{"level":"\u001b[32minfo\u001b[39m","message":"{\"method\":\"POST\",\"url\":\"/api/v2/users/signup\",\"status\":\"400\",\"responseTime\":\"104.776\"}","timestamp":"2025-02-27T17:30:07.408Z"}
{"level":"\u001b[32minfo\u001b[39m","message":"{\"method\":\"POST\",\"url\":\"/api/v2/users/signup\",\"status\":\"400\",\"responseTime\":\"85.587\"}","timestamp":"2025-02-27T17:30:09.864Z"}
{"level":"\u001b[32minfo\u001b[39m","message":"{\"method\":\"POST\",\"url\":\"/api/v2/users/signup\",\"status\":\"400\",\"responseTime\":\"76.048\"}","timestamp":"2025-02-27T17:30:34.339Z"}
{"level":"\u001b[32minfo\u001b[39m","message":"{\"method\":\"POST\",\"url\":\"/api/v2/users/signup\",\"status\":\"400\",\"responseTime\":\"13.365\"}","timestamp":"2025-02-27T17:30:51.272Z"}
{"level":"\u001b[32minfo\u001b[39m","message":"{\"method\":\"POST\",\"url\":\"/api/v2/users/signup\",\"status\":\"400\",\"responseTime\":\"59.532\"}","timestamp":"2025-02-27T17:31:11.125Z"}
{"level":"\u001b[32minfo\u001b[39m","message":"{\"method\":\"POST\",\"url\":\"/api/v2/users/signup\",\"status\":\"400\",\"responseTime\":\"61.850\"}","timestamp":"2025-02-27T17:31:50.660Z"}
{"level":"\u001b[32minfo\u001b[39m","message":"{\"method\":\"POST\",\"url\":\"/api/v2/users/signup\",\"status\":\"400\",\"responseTime\":\"55.345\"}","timestamp":"2025-02-27T17:33:03.256Z"}
{"level":"\u001b[32minfo\u001b[39m","message":"{\"method\":\"POST\",\"url\":\"/api/v2/users/signup\",\"status\":\"400\",\"responseTime\":\"48.163\"}","timestamp":"2025-02-27T17:33:04.584Z"}
{"level":"\u001b[32minfo\u001b[39m","message":"{\"method\":\"POST\",\"url\":\"/api/v2/users/signup\",\"status\":\"201\",\"responseTime\":\"161.595\"}","timestamp":"2025-02-27T17:33:30.501Z"}
{"level":"\u001b[32minfo\u001b[39m","message":"{\"method\":\"POST\",\"url\":\"/api/v2/users/signup\",\"status\":\"201\",\"responseTime\":\"175.629\"}","timestamp":"2025-02-27T17:35:16.182Z"}
{"level":"\u001b[32minfo\u001b[39m","message":"{\"method\":\"POST\",\"url\":\"/api/v2/users/login\",\"status\":\"-\",\"responseTime\":\"-\"}","timestamp":"2025-02-27T17:56:37.935Z"}
{"level":"\u001b[32minfo\u001b[39m","message":"{\"method\":\"POST\",\"url\":\"/api/v2/users/login\",\"status\":\"-\",\"responseTime\":\"-\"}","timestamp":"2025-02-27T17:56:53.084Z"}
{"level":"\u001b[32minfo\u001b[39m","message":"{\"method\":\"POST\",\"url\":\"/api/v2/users/login\",\"status\":\"-\",\"responseTime\":\"-\"}","timestamp":"2025-02-27T17:57:09.271Z"}
{"level":"\u001b[32minfo\u001b[39m","message":"{\"method\":\"POST\",\"url\":\"/api/v2/users/login\",\"status\":\"-\",\"responseTime\":\"-\"}","timestamp":"2025-02-27T17:57:31.918Z"}
{"level":"\u001b[32minfo\u001b[39m","message":"{\"method\":\"POST\",\"url\":\"/api/v2/users/login\",\"status\":\"-\",\"responseTime\":\"-\"}","timestamp":"2025-02-27T17:57:53.993Z"}
{"level":"\u001b[32minfo\u001b[39m","message":"{\"method\":\"POST\",\"url\":\"/api/v2/users/login\",\"status\":\"-\",\"responseTime\":\"-\"}","timestamp":"2025-02-27T17:59:55.914Z"}
{"level":"\u001b[32minfo\u001b[39m","message":"{\"method\":\"POST\",\"url\":\"/api/v2/users/login\",\"status\":\"-\",\"responseTime\":\"-\"}","timestamp":"2025-02-27T18:04:17.936Z"}
{"level":"\u001b[32minfo\u001b[39m","message":"{\"method\":\"POST\",\"url\":\"/api/v2/users/login\",\"status\":\"-\",\"responseTime\":\"-\"}","timestamp":"2025-02-27T18:05:28.371Z"}
{"level":"\u001b[32minfo\u001b[39m","message":"{\"method\":\"POST\",\"url\":\"/api/v2/users/login\",\"status\":\"-\",\"responseTime\":\"-\"}","timestamp":"2025-02-27T18:05:45.101Z"}
{"level":"\u001b[32minfo\u001b[39m","message":"{\"method\":\"POST\",\"url\":\"/api/v2/users/login\",\"status\":\"-\",\"responseTime\":\"-\"}","timestamp":"2025-02-27T18:06:37.633Z"}
{"level":"\u001b[32minfo\u001b[39m","message":"{\"method\":\"POST\",\"url\":\"/api/v2/users/register\",\"status\":\"404\",\"responseTime\":\"39.797\"}","timestamp":"2025-03-01T19:46:27.582Z"}
{"level":"\u001b[32minfo\u001b[39m","message":"{\"method\":\"POST\",\"url\":\"/api/v2/users/signup\",\"status\":\"201\",\"responseTime\":\"175.930\"}","timestamp":"2025-03-01T19:46:38.160Z"}
{"level":"\u001b[32minfo\u001b[39m","message":"{\"method\":\"POST\",\"url\":\"/api/v2/users/login\",\"status\":\"200\",\"responseTime\":\"388.364\"}","timestamp":"2025-03-01T19:51:32.809Z"}
{"level":"\u001b[32minfo\u001b[39m","message":"{\"method\":\"POST\",\"url\":\"/api/v2/users/refershAccessToken\",\"status\":\"404\",\"responseTime\":\"17.791\"}","timestamp":"2025-03-01T19:59:19.059Z"}
{"level":"\u001b[32minfo\u001b[39m","message":"{\"method\":\"POST\",\"url\":\"/api/v2refreshAccessToken\",\"status\":\"404\",\"responseTime\":\"0.643\"}","timestamp":"2025-03-01T19:59:44.080Z"}
{"level":"\u001b[32minfo\u001b[39m","message":"{\"method\":\"POST\",\"url\":\"/api/v2refreshAccessToken\",\"status\":\"404\",\"responseTime\":\"0.402\"}","timestamp":"2025-03-01T19:59:45.553Z"}
{"level":"\u001b[32minfo\u001b[39m","message":"{\"method\":\"POST\",\"url\":\"/api/v2/users/refreshtoken\",\"status\":\"-\",\"responseTime\":\"-\"}","timestamp":"2025-03-01T20:00:32.668Z"}
{"level":"\u001b[32minfo\u001b[39m","message":"{\"method\":\"POST\",\"url\":\"/api/v2/users/refreshtoken\",\"status\":\"-\",\"responseTime\":\"-\"}","timestamp":"2025-03-01T20:00:55.945Z"}
{"level":"\u001b[32minfo\u001b[39m","message":"{\"method\":\"POST\",\"url\":\"/api/v2/users/refreshtoken\",\"status\":\"-\",\"responseTime\":\"-\"}","timestamp":"2025-03-01T20:01:10.611Z"}
{"level":"\u001b[32minfo\u001b[39m","message":"{\"method\":\"POST\",\"url\":\"/api/v2/users/refreshtoken\",\"status\":\"-\",\"responseTime\":\"-\"}","timestamp":"2025-03-01T20:02:29.878Z"}
{"level":"\u001b[32minfo\u001b[39m","message":"{\"method\":\"POST\",\"url\":\"/api/v2/users/refreshtoken\",\"status\":\"200\",\"responseTime\":\"97.960\"}","timestamp":"2025-03-01T20:02:47.822Z"}
